Inno Setup Command-Line Compiler
Copyright (C) 1997-2019 Jordan Russell. All rights reserved.
Portions Copyright (C) 2000-2019 Martijn Laan
Inno Setup Preprocessor
Copyright (C) 2001-2004 Alex Yackimoff. All rights reserved.

Compiler engine version: Inno Setup 6.0.2 (u)

[ISPP] Preprocessing.
[ISPP] Preprocessed.

Parsing [Setup] section, line 11
Parsing [Setup] section, line 12
Parsing [Setup] section, line 13
Parsing [Setup] section, line 14
Parsing [Setup] section, line 16
Parsing [Setup] section, line 17
Parsing [Setup] section, line 18
Parsing [Setup] section, line 19
Parsing [Setup] section, line 20
Parsing [Setup] section, line 23
Parsing [Setup] section, line 24
Parsing [Setup] section, line 27
Parsing [Setup] section, line 29
Parsing [Setup] section, line 30
Parsing [Setup] section, line 33
Parsing [Setup] section, line 34
Parsing [Setup] section, line 35
Parsing [Setup] section, line 36
Parsing [Setup] section, line 38
Parsing [Setup] section, line 39
Parsing [Setup] section, line 43
Parsing [Setup] section, line 44
Parsing [Setup] section, line 45
Parsing [Setup] section, line 46
Parsing [Setup] section, line 47
Parsing [Setup] section, line 49
Parsing [Setup] section, line 50
Parsing [Setup] section, line 51
Parsing [Setup] section, line 52
Parsing [Setup] section, line 67
